# JRE version: OpenJDK Runtime Environment (11.0.12+7) (build 11.0.12+7-b1504.28-7817840)
# Java VM: OpenJDK 64-Bit Server VM (11.0.12+7-b1504.28-7817840, mixed mode, tiered, compressed oops, g1 gc, windows-amd64)
Heap:
 garbage-first heap   total 206848K, used 166148K [0x0000000080000000, 0x0000000100000000)
  region size 1024K, 10 young (10240K), 3 survivors (3072K)
 Metaspace       used 144519K, capacity 147747K, committed 147840K, reserved 1177600K
  class space    used 18095K, capacity 19293K, committed 19328K, reserved 1048576K
GC Heap History (20 events):
Event: 756.742 GC heap before
{Heap before GC invocations=70 (full 0):
 garbage-first heap   total 206848K, used 174587K [0x0000000080000000, 0x0000000100000000)
  region size 1024K, 32 young (32768K), 3 survivors (3072K)
 Metaspace       used 129056K, capacity 132039K, committed 132096K, reserved 1165312K
  class space    used 15960K, capacity 17098K, committed 17152K, reserved 1048576K
}
Event: 756.760 GC heap after
{Heap after GC invocations=71 (full 0):
 garbage-first heap   total 206848K, used 147750K [0x0000000080000000, 0x0000000100000000)
  region size 1024K, 3 young (3072K), 3 survivors (3072K)
 Metaspace       used 129056K, capacity 132039K, committed 132096K, reserved 1165312K
  class space    used 15960K, capacity 17098K, committed 17152K, reserved 1048576K
}
Event: 757.044 GC heap before
{Heap before GC invocations=71 (full 0):
 garbage-first heap   total 206848K, used 154918K [0x0000000080000000, 0x0000000100000000)
  region size 1024K, 10 young (10240K), 3 survivors (3072K)
 Metaspace       used 129924K, capacity 132938K, committed 132992K, reserved 1165312K
  class space    used 16101K, capacity 17227K, committed 17280K, reserved 1048576K
}
Event: 757.066 GC heap after
{Heap after GC invocations=72 (full 0):
 garbage-first heap   total 206848K, used 146836K [0x0000000080000000, 0x0000000100000000)
  region size 1024K, 1 young (1024K), 1 survivors (1024K)
 Metaspace       used 129924K, capacity 132938K, committed 132992K, reserved 1165312K
  class space    used 16101K, capacity 17227K, committed 17280K, reserved 1048576K
}
Event: 760.252 GC heap before
{Heap before GC invocations=72 (full 0):
 garbage-first heap   total 206848K, used 175508K [0x0000000080000000, 0x0000000100000000)
  region size 1024K, 29 young (29696K), 1 survivors (1024K)
 Metaspace       used 131223K, capacity 134487K, committed 134784K, reserved 1167360K
  class space    used 16273K, capacity 17441K, committed 17536K, reserved 1048576K
}
Event: 760.263 GC heap after
{Heap after GC invocations=73 (full 0):
 garbage-first heap   total 206848K, used 148625K [0x0000000080000000, 0x0000000100000000)
  region size 1024K, 3 young (3072K), 3 survivors (3072K)
 Metaspace       used 131223K, capacity 134487K, committed 134784K, reserved 1167360K
  class space    used 16273K, capacity 17441K, committed 17536K, reserved 1048576K
}
Event: 761.318 GC heap before
{Heap before GC invocations=74 (full 0):
 garbage-first heap   total 206848K, used 176273K [0x0000000080000000, 0x0000000100000000)
  region size 1024K, 30 young (30720K), 3 survivors (3072K)
 Metaspace       used 132176K, capacity 135426K, committed 135680K, reserved 1167360K
  class space    used 16363K, capacity 17542K, committed 17664K, reserved 1048576K
}
Event: 761.333 GC heap after
{Heap after GC invocations=75 (full 0):
 garbage-first heap   total 206848K, used 150871K [0x0000000080000000, 0x0000000100000000)
  region size 1024K, 4 young (4096K), 4 survivors (4096K)
 Metaspace       used 132176K, capacity 135426K, committed 135680K, reserved 1167360K
  class space    used 16363K, capacity 17542K, committed 17664K, reserved 1048576K
}
Event: 762.628 GC heap before
{Heap before GC invocations=75 (full 0):
 garbage-first heap   total 206848K, used 177495K [0x0000000080000000, 0x0000000100000000)
  region size 1024K, 30 young (30720K), 4 survivors (4096K)
 Metaspace       used 136435K, capacity 139714K, committed 139904K, reserved 1171456K
  class space    used 17104K, capacity 18290K, committed 18304K, reserved 1048576K
}
Event: 762.648 GC heap after
{Heap after GC invocations=76 (full 0):
 garbage-first heap   total 206848K, used 152946K [0x0000000080000000, 0x0000000100000000)
  region size 1024K, 2 young (2048K), 2 survivors (2048K)
 Metaspace       used 136435K, capacity 139714K, committed 139904K, reserved 1171456K
  class space    used 17104K, capacity 18290K, committed 18304K, reserved 1048576K
}
Event: 764.268 GC heap before
{Heap before GC invocations=77 (full 0):
 garbage-first heap   total 206848K, used 177522K [0x0000000080000000, 0x0000000100000000)
  region size 1024K, 27 young (27648K), 2 survivors (2048K)
 Metaspace       used 138512K, capacity 141736K, committed 141952K, reserved 1173504K
  class space    used 17358K, capacity 18557K, committed 18560K, reserved 1048576K
}
Event: 764.289 GC heap after
{Heap after GC invocations=78 (full 0):
 garbage-first heap   total 206848K, used 155966K [0x0000000080000000, 0x0000000100000000)
  region size 1024K, 4 young (4096K), 4 survivors (4096K)
 Metaspace       used 138512K, capacity 141736K, committed 141952K, reserved 1173504K
  class space    used 17358K, capacity 18557K, committed 18560K, reserved 1048576K
}
Event: 765.004 GC heap before
{Heap before GC invocations=78 (full 0):
 garbage-first heap   total 206848K, used 161086K [0x0000000080000000, 0x0000000100000000)
  region size 1024K, 10 young (10240K), 4 survivors (4096K)
 Metaspace       used 139465K, capacity 142733K, committed 142848K, reserved 1173504K
  class space    used 17412K, capacity 18628K, committed 18688K, reserved 1048576K
}
Event: 765.022 GC heap after
{Heap after GC invocations=79 (full 0):
 garbage-first heap   total 206848K, used 157175K [0x0000000080000000, 0x0000000100000000)
  region size 1024K, 2 young (2048K), 2 survivors (2048K)
 Metaspace       used 139465K, capacity 142733K, committed 142848K, reserved 1173504K
  class space    used 17412K, capacity 18628K, committed 18688K, reserved 1048576K
}
Event: 768.482 GC heap before
{Heap before GC invocations=79 (full 0):
 garbage-first heap   total 206848K, used 176631K [0x0000000080000000, 0x0000000100000000)
  region size 1024K, 21 young (21504K), 2 survivors (2048K)
 Metaspace       used 139775K, capacity 143014K, committed 143104K, reserved 1173504K
  class space    used 17440K, capacity 18632K, committed 18688K, reserved 1048576K
}
Event: 768.498 GC heap after
{Heap after GC invocations=80 (full 0):
 garbage-first heap   total 206848K, used 157766K [0x0000000080000000, 0x0000000100000000)
  region size 1024K, 2 young (2048K), 2 survivors (2048K)
 Metaspace       used 139775K, capacity 143014K, committed 143104K, reserved 1173504K
  class space    used 17440K, capacity 18632K, committed 18688K, reserved 1048576K
}
Event: 772.022 GC heap before
{Heap before GC invocations=81 (full 0):
 garbage-first heap   total 206848K, used 178246K [0x0000000080000000, 0x0000000100000000)
  region size 1024K, 22 young (22528K), 2 survivors (2048K)
 Metaspace       used 142109K, capacity 145344K, committed 145536K, reserved 1175552K
  class space    used 17810K, capacity 18992K, committed 19072K, reserved 1048576K
}
Event: 772.034 GC heap after
{Heap after GC invocations=82 (full 0):
 garbage-first heap   total 206848K, used 158582K [0x0000000080000000, 0x0000000100000000)
  region size 1024K, 2 young (2048K), 2 survivors (2048K)
 Metaspace       used 142109K, capacity 145344K, committed 145536K, reserved 1175552K
  class space    used 17810K, capacity 18992K, committed 19072K, reserved 1048576K
}
Event: 773.463 GC heap before
{Heap before GC invocations=82 (full 0):
 garbage-first heap   total 206848K, used 179062K [0x0000000080000000, 0x0000000100000000)
  region size 1024K, 22 young (22528K), 2 survivors (2048K)
 Metaspace       used 144029K, capacity 147278K, committed 147584K, reserved 1177600K
  class space    used 18037K, capacity 19225K, committed 19328K, reserved 1048576K
}
Event: 773.480 GC heap after
{Heap after GC invocations=83 (full 0):
 garbage-first heap   total 206848K, used 160004K [0x0000000080000000, 0x0000000100000000)
  region size 1024K, 3 young (3072K), 3 survivors (3072K)
 Metaspace       used 144029K, capacity 147278K, committed 147584K, reserved 1177600K
  class space    used 18037K, capacity 19225K, committed 19328K, reserved 1048576K
}

